2021-12-08 22:47:30 [127.0.0.1][7][n9cl8g5jt3h8nakptgvu1ledj7][error][yii\web\HttpException:404] yii\web\NotFoundHttpException: The requested page does not exist. in C:\xampp\htdocs\zuntic_control_v1.1\backend\controllers\UserController.php:131
Stack trace:
#0 C:\xampp\htdocs\zuntic_control_v1.1\backend\controllers\UserController.php(58): backend\controllers\UserController->findModel('cecilio')
#1 [internal function]: backend\controllers\UserController->actionView('cecilio')
#2 C:\xampp\htdocs\zuntic_control_v1.1\vendor\yiisoft\yii2\base\InlineAction.php(57): call_user_func_array(Array, Array)
#3 C:\xampp\htdocs\zuntic_control_v1.1\vendor\yiisoft\yii2\base\Controller.php(181): yii\base\InlineAction->runWithParams(Array)
#4 C:\xampp\htdocs\zuntic_control_v1.1\vendor\yiisoft\yii2\base\Module.php(534): yii\base\Controller->runAction('view', Array)
#5 C:\xampp\htdocs\zuntic_control_v1.1\vendor\yiisoft\yii2\web\Application.php(104): yii\base\Module->runAction('user/view', Array)
#6 C:\xampp\htdocs\zuntic_control_v1.1\vendor\yiisoft\yii2\base\Application.php(392): yii\web\Application->handleRequest(Object(yii\web\Request))
#7 C:\xampp\htdocs\zuntic_control_v1.1\backend\web\index.php(18): yii\base\Application->run()
#8 {main}
2021-12-08 22:47:30 [127.0.0.1][7][n9cl8g5jt3h8nakptgvu1ledj7][info][application] $_GET = [
    'r' => 'user/view'
    'id' => 'cecilio'
]

$_POST = []

$_FILES = []

$_COOKIE = [
    'advanced-backend' => 'n9cl8g5jt3h8nakptgvu1ledj7'
    '_csrf-backend' => '5ca5fe13f5e0f5226fd51aec125dc7147356bcf9fb1ac71ba34751bfa44c8d32a:2:{i:0;s:13:\"_csrf-backend\";i:1;s:32:\"BpbA8GF3O_bscvd5h6FhgWk0N6zabqfB\";}'
    '_identity-backend' => '7c8d709dff7cd07ea0d58c4e1dd9c91967156363e001d12bcf249b2a492d6ff8a:2:{i:0;s:17:\"_identity-backend\";i:1;s:46:\"[7,\"Cm86rHf9yEo5g0AfWs3wVvLpvq1m-Jd-\",2592000]\";}'
]

$_SESSION = [
    '__flash' => []
    '__returnUrl' => 'http://localhost/zuntic_control_v1.1/backend/web/'
    '__id' => 7
    '__authKey' => 'Cm86rHf9yEo5g0AfWs3wVvLpvq1m-Jd-'
]

$_SERVER = [
    'MIBDIRS' => 'C:/xampp/php/extras/mibs'
    'MYSQL_HOME' => '\\xampp\\mysql\\bin'
    'OPENSSL_CONF' => 'C:/xampp/apache/bin/openssl.cnf'
    'PHP_PEAR_SYSCONF_DIR' => '\\xampp\\php'
    'PHPRC' => '\\xampp\\php'
    'TMP' => '\\xampp\\tmp'
    'HTTP_HOST' => 'localhost'
    'HTTP_USER_AGENT' => 'Mozilla/5.0 (Windows NT 10.0; Win64; x64; rv:94.0) Gecko/20100101 Firefox/94.0'
    'HTTP_ACCEPT' => 'text/html,application/xhtml+xml,application/xml;q=0.9,image/avif,image/webp,*/*;q=0.8'
    'HTTP_ACCEPT_LANGUAGE' => 'es-MX,es;q=0.8,en-US;q=0.5,en;q=0.3'
    'HTTP_ACCEPT_ENCODING' => 'gzip, deflate'
    'HTTP_CONNECTION' => 'keep-alive'
    'HTTP_REFERER' => 'http://localhost/zuntic_control_v1.1/backend/web/index.php?r=user%2Fupdate&id=7'
    'HTTP_COOKIE' => 'advanced-backend=n9cl8g5jt3h8nakptgvu1ledj7; _csrf-backend=5ca5fe13f5e0f5226fd51aec125dc7147356bcf9fb1ac71ba34751bfa44c8d32a%3A2%3A%7Bi%3A0%3Bs%3A13%3A%22_csrf-backend%22%3Bi%3A1%3Bs%3A32%3A%22BpbA8GF3O_bscvd5h6FhgWk0N6zabqfB%22%3B%7D; _identity-backend=7c8d709dff7cd07ea0d58c4e1dd9c91967156363e001d12bcf249b2a492d6ff8a%3A2%3A%7Bi%3A0%3Bs%3A17%3A%22_identity-backend%22%3Bi%3A1%3Bs%3A46%3A%22%5B7%2C%22Cm86rHf9yEo5g0AfWs3wVvLpvq1m-Jd-%22%2C2592000%5D%22%3B%7D'
    'HTTP_UPGRADE_INSECURE_REQUESTS' => '1'
    'HTTP_SEC_FETCH_DEST' => 'document'
    'HTTP_SEC_FETCH_MODE' => 'navigate'
    'HTTP_SEC_FETCH_SITE' => 'same-origin'
    'HTTP_SEC_FETCH_USER' => '?1'
    'HTTP_SEC_GPC' => '1'
    'PATH' => 'C:\\Program Files\\AdoptOpenJDK\\jdk-11.0.11.9-hotspot\\bin;C:\\Program Files\\Rockwell Software\\RSCommon;C:\\Program Files (x86)\\Common Files\\NetSarang;C:\\ProgramData\\Oracle\\Java\\javapath;C:\\Program Files (x86)\\Intel\\Intel(R) Management Engine Components\\iCLS\\;C:\\Program Files\\Intel\\Intel(R) Management Engine Components\\iCLS\\;C:\\Windows\\System32;C:\\Windows;C:\\Windows\\System32\\wbem;C:\\Windows\\System32\\WindowsPowerShell\\v1.0\\;C:\\Program Files (x86)\\Intel\\Intel(R) Management Engine Components\\DAL;C:\\Program Files\\Intel\\Intel(R) Management Engine Components\\DAL;C:\\Program Files (x86)\\Intel\\Intel(R) Management Engine Components\\IPT;C:\\Program Files\\Intel\\Intel(R) Management Engine Components\\IPT;C:\\Windows\\System32\\OpenSSH\\;C:\\Program Files\\Java\\jdk1.8.0_111\\bin;C:\\Program Files\\TortoiseGit\\bin;C:\\Program Files\\Git\\cmd;C:\\Program Files (x86)\\GnuPG\\bin;C:\\Users\\cecilio\\anaconda3;C:\\Users\\cecilio\\AppData\\Local\\Microsoft\\WindowsApps;C:\\Program Files\\nodejs\\;C:\\wamp64\\bin\\mysql\\mysql5.7.31\\bin;C:\\xampp\\mysql\\bin;C:\\Program Files (x86)\\mingw-w64\\i686-8.1.0-posix-dwarf-rt_v6-rev0\\mingw32\\bin;C:\\Program Files\\dotnet\\;C:\\xampp\\php;C:\\Apache-svn\\bin;C:\\composer;C:\\Program Files (x86)\\Microsoft SQL Server\\150\\Tools\\Binn\\;C:\\Program Files\\Microsoft SQL Server\\150\\Tools\\Binn\\;C:\\Program Files (x86)\\Microsoft SQL Server\\150\\DTS\\Binn\\;C:\\Program Files\\Microsoft SQL Server\\150\\DTS\\Binn\\;C:\\Program Files\\Microsoft SQL Server\\Client SDK\\ODBC\\170\\Tools\\Binn\\;C:\\Program Files\\Azure Data Studio\\bin;C:\\Program Files\\TortoiseSVN\\bin;C:\\WINDOWS\\system32\\config\\systemprofile\\AppData\\Local\\Microsoft\\WindowsApps'
    'SystemRoot' => 'C:\\WINDOWS'
    'COMSPEC' => 'C:\\WINDOWS\\system32\\cmd.exe'
    'PATHEXT' => '.COM;.EXE;.BAT;.CMD;.VBS;.VBE;.JS;.JSE;.WSF;.WSH;.MSC'
    'WINDIR' => 'C:\\WINDOWS'
    'SERVER_SIGNATURE' => '<address>Apache/2.4.41 (Win64) OpenSSL/1.1.1c PHP/7.4.4 Server at localhost Port 80</address>
'
    'SERVER_SOFTWARE' => 'Apache/2.4.41 (Win64) OpenSSL/1.1.1c PHP/7.4.4'
    'SERVER_NAME' => 'localhost'
    'SERVER_ADDR' => '127.0.0.1'
    'SERVER_PORT' => '80'
    'REMOTE_ADDR' => '127.0.0.1'
    'DOCUMENT_ROOT' => 'C:/xampp/htdocs'
    'REQUEST_SCHEME' => 'http'
    'CONTEXT_PREFIX' => ''
    'CONTEXT_DOCUMENT_ROOT' => 'C:/xampp/htdocs'
    'SERVER_ADMIN' => 'postmaster@localhost'
    'SCRIPT_FILENAME' => 'C:/xampp/htdocs/zuntic_control_v1.1/backend/web/index.php'
    'REMOTE_PORT' => '64871'
    'GATEWAY_INTERFACE' => 'CGI/1.1'
    'SERVER_PROTOCOL' => 'HTTP/1.1'
    'REQUEST_METHOD' => 'GET'
    'QUERY_STRING' => 'r=user%2Fview&id=cecilio'
    'REQUEST_URI' => '/zuntic_control_v1.1/backend/web/index.php?r=user%2Fview&id=cecilio'
    'SCRIPT_NAME' => '/zuntic_control_v1.1/backend/web/index.php'
    'PHP_SELF' => '/zuntic_control_v1.1/backend/web/index.php'
    'REQUEST_TIME_FLOAT' => 1639000050.204
    'REQUEST_TIME' => 1639000050
]
2021-12-08 22:47:35 [127.0.0.1][7][n9cl8g5jt3h8nakptgvu1ledj7][error][yii\web\HttpException:404] yii\web\NotFoundHttpException: The requested page does not exist. in C:\xampp\htdocs\zuntic_control_v1.1\backend\controllers\UserController.php:131
Stack trace:
#0 C:\xampp\htdocs\zuntic_control_v1.1\backend\controllers\UserController.php(58): backend\controllers\UserController->findModel('cecilio')
#1 [internal function]: backend\controllers\UserController->actionView('cecilio')
#2 C:\xampp\htdocs\zuntic_control_v1.1\vendor\yiisoft\yii2\base\InlineAction.php(57): call_user_func_array(Array, Array)
#3 C:\xampp\htdocs\zuntic_control_v1.1\vendor\yiisoft\yii2\base\Controller.php(181): yii\base\InlineAction->runWithParams(Array)
#4 C:\xampp\htdocs\zuntic_control_v1.1\vendor\yiisoft\yii2\base\Module.php(534): yii\base\Controller->runAction('view', Array)
#5 C:\xampp\htdocs\zuntic_control_v1.1\vendor\yiisoft\yii2\web\Application.php(104): yii\base\Module->runAction('user/view', Array)
#6 C:\xampp\htdocs\zuntic_control_v1.1\vendor\yiisoft\yii2\base\Application.php(392): yii\web\Application->handleRequest(Object(yii\web\Request))
#7 C:\xampp\htdocs\zuntic_control_v1.1\backend\web\index.php(18): yii\base\Application->run()
#8 {main}
2021-12-08 22:47:34 [127.0.0.1][7][n9cl8g5jt3h8nakptgvu1ledj7][info][application] $_GET = [
    'r' => 'user/view'
    'id' => 'cecilio'
]

$_POST = []

$_FILES = []

$_COOKIE = [
    'advanced-backend' => 'n9cl8g5jt3h8nakptgvu1ledj7'
    '_csrf-backend' => '5ca5fe13f5e0f5226fd51aec125dc7147356bcf9fb1ac71ba34751bfa44c8d32a:2:{i:0;s:13:\"_csrf-backend\";i:1;s:32:\"BpbA8GF3O_bscvd5h6FhgWk0N6zabqfB\";}'
    '_identity-backend' => '7c8d709dff7cd07ea0d58c4e1dd9c91967156363e001d12bcf249b2a492d6ff8a:2:{i:0;s:17:\"_identity-backend\";i:1;s:46:\"[7,\"Cm86rHf9yEo5g0AfWs3wVvLpvq1m-Jd-\",2592000]\";}'
]

$_SESSION = [
    '__flash' => []
    '__returnUrl' => 'http://localhost/zuntic_control_v1.1/backend/web/'
    '__id' => 7
    '__authKey' => 'Cm86rHf9yEo5g0AfWs3wVvLpvq1m-Jd-'
]

$_SERVER = [
    'MIBDIRS' => 'C:/xampp/php/extras/mibs'
    'MYSQL_HOME' => '\\xampp\\mysql\\bin'
    'OPENSSL_CONF' => 'C:/xampp/apache/bin/openssl.cnf'
    'PHP_PEAR_SYSCONF_DIR' => '\\xampp\\php'
    'PHPRC' => '\\xampp\\php'
    'TMP' => '\\xampp\\tmp'
    'HTTP_HOST' => 'localhost'
    'HTTP_USER_AGENT' => 'Mozilla/5.0 (Windows NT 10.0; Win64; x64; rv:94.0) Gecko/20100101 Firefox/94.0'
    'HTTP_ACCEPT' => 'text/html,application/xhtml+xml,application/xml;q=0.9,image/avif,image/webp,*/*;q=0.8'
    'HTTP_ACCEPT_LANGUAGE' => 'es-MX,es;q=0.8,en-US;q=0.5,en;q=0.3'
    'HTTP_ACCEPT_ENCODING' => 'gzip, deflate'
    'HTTP_CONNECTION' => 'keep-alive'
    'HTTP_REFERER' => 'http://localhost/zuntic_control_v1.1/backend/web/index.php?r=user%2Fupdate&id=7'
    'HTTP_COOKIE' => 'advanced-backend=n9cl8g5jt3h8nakptgvu1ledj7; _csrf-backend=5ca5fe13f5e0f5226fd51aec125dc7147356bcf9fb1ac71ba34751bfa44c8d32a%3A2%3A%7Bi%3A0%3Bs%3A13%3A%22_csrf-backend%22%3Bi%3A1%3Bs%3A32%3A%22BpbA8GF3O_bscvd5h6FhgWk0N6zabqfB%22%3B%7D; _identity-backend=7c8d709dff7cd07ea0d58c4e1dd9c91967156363e001d12bcf249b2a492d6ff8a%3A2%3A%7Bi%3A0%3Bs%3A17%3A%22_identity-backend%22%3Bi%3A1%3Bs%3A46%3A%22%5B7%2C%22Cm86rHf9yEo5g0AfWs3wVvLpvq1m-Jd-%22%2C2592000%5D%22%3B%7D'
    'HTTP_UPGRADE_INSECURE_REQUESTS' => '1'
    'HTTP_SEC_FETCH_DEST' => 'document'
    'HTTP_SEC_FETCH_MODE' => 'navigate'
    'HTTP_SEC_FETCH_SITE' => 'same-origin'
    'HTTP_SEC_FETCH_USER' => '?1'
    'HTTP_SEC_GPC' => '1'
    'PATH' => 'C:\\Program Files\\AdoptOpenJDK\\jdk-11.0.11.9-hotspot\\bin;C:\\Program Files\\Rockwell Software\\RSCommon;C:\\Program Files (x86)\\Common Files\\NetSarang;C:\\ProgramData\\Oracle\\Java\\javapath;C:\\Program Files (x86)\\Intel\\Intel(R) Management Engine Components\\iCLS\\;C:\\Program Files\\Intel\\Intel(R) Management Engine Components\\iCLS\\;C:\\Windows\\System32;C:\\Windows;C:\\Windows\\System32\\wbem;C:\\Windows\\System32\\WindowsPowerShell\\v1.0\\;C:\\Program Files (x86)\\Intel\\Intel(R) Management Engine Components\\DAL;C:\\Program Files\\Intel\\Intel(R) Management Engine Components\\DAL;C:\\Program Files (x86)\\Intel\\Intel(R) Management Engine Components\\IPT;C:\\Program Files\\Intel\\Intel(R) Management Engine Components\\IPT;C:\\Windows\\System32\\OpenSSH\\;C:\\Program Files\\Java\\jdk1.8.0_111\\bin;C:\\Program Files\\TortoiseGit\\bin;C:\\Program Files\\Git\\cmd;C:\\Program Files (x86)\\GnuPG\\bin;C:\\Users\\cecilio\\anaconda3;C:\\Users\\cecilio\\AppData\\Local\\Microsoft\\WindowsApps;C:\\Program Files\\nodejs\\;C:\\wamp64\\bin\\mysql\\mysql5.7.31\\bin;C:\\xampp\\mysql\\bin;C:\\Program Files (x86)\\mingw-w64\\i686-8.1.0-posix-dwarf-rt_v6-rev0\\mingw32\\bin;C:\\Program Files\\dotnet\\;C:\\xampp\\php;C:\\Apache-svn\\bin;C:\\composer;C:\\Program Files (x86)\\Microsoft SQL Server\\150\\Tools\\Binn\\;C:\\Program Files\\Microsoft SQL Server\\150\\Tools\\Binn\\;C:\\Program Files (x86)\\Microsoft SQL Server\\150\\DTS\\Binn\\;C:\\Program Files\\Microsoft SQL Server\\150\\DTS\\Binn\\;C:\\Program Files\\Microsoft SQL Server\\Client SDK\\ODBC\\170\\Tools\\Binn\\;C:\\Program Files\\Azure Data Studio\\bin;C:\\Program Files\\TortoiseSVN\\bin;C:\\WINDOWS\\system32\\config\\systemprofile\\AppData\\Local\\Microsoft\\WindowsApps'
    'SystemRoot' => 'C:\\WINDOWS'
    'COMSPEC' => 'C:\\WINDOWS\\system32\\cmd.exe'
    'PATHEXT' => '.COM;.EXE;.BAT;.CMD;.VBS;.VBE;.JS;.JSE;.WSF;.WSH;.MSC'
    'WINDIR' => 'C:\\WINDOWS'
    'SERVER_SIGNATURE' => '<address>Apache/2.4.41 (Win64) OpenSSL/1.1.1c PHP/7.4.4 Server at localhost Port 80</address>
'
    'SERVER_SOFTWARE' => 'Apache/2.4.41 (Win64) OpenSSL/1.1.1c PHP/7.4.4'
    'SERVER_NAME' => 'localhost'
    'SERVER_ADDR' => '127.0.0.1'
    'SERVER_PORT' => '80'
    'REMOTE_ADDR' => '127.0.0.1'
    'DOCUMENT_ROOT' => 'C:/xampp/htdocs'
    'REQUEST_SCHEME' => 'http'
    'CONTEXT_PREFIX' => ''
    'CONTEXT_DOCUMENT_ROOT' => 'C:/xampp/htdocs'
    'SERVER_ADMIN' => 'postmaster@localhost'
    'SCRIPT_FILENAME' => 'C:/xampp/htdocs/zuntic_control_v1.1/backend/web/index.php'
    'REMOTE_PORT' => '64871'
    'GATEWAY_INTERFACE' => 'CGI/1.1'
    'SERVER_PROTOCOL' => 'HTTP/1.1'
    'REQUEST_METHOD' => 'GET'
    'QUERY_STRING' => 'r=user%2Fview&id=cecilio'
    'REQUEST_URI' => '/zuntic_control_v1.1/backend/web/index.php?r=user%2Fview&id=cecilio'
    'SCRIPT_NAME' => '/zuntic_control_v1.1/backend/web/index.php'
    'PHP_SELF' => '/zuntic_control_v1.1/backend/web/index.php'
    'REQUEST_TIME_FLOAT' => 1639000054.981
    'REQUEST_TIME' => 1639000054
]
2021-12-08 22:48:47 [127.0.0.1][7][n9cl8g5jt3h8nakptgvu1ledj7][error][yii\db\IntegrityException] PDOException: SQLSTATE[23000]: Integrity constraint violation: 1062 Duplicate entry '' for key 'password_reset_token' in C:\xampp\htdocs\zuntic_control_v1.1\vendor\yiisoft\yii2\db\Command.php:1302
Stack trace:
#0 C:\xampp\htdocs\zuntic_control_v1.1\vendor\yiisoft\yii2\db\Command.php(1302): PDOStatement->execute()
#1 C:\xampp\htdocs\zuntic_control_v1.1\vendor\yiisoft\yii2\db\Command.php(1102): yii\db\Command->internalExecute('UPDATE `user` S...')
#2 C:\xampp\htdocs\zuntic_control_v1.1\vendor\yiisoft\yii2\db\ActiveRecord.php(332): yii\db\Command->execute()
#3 C:\xampp\htdocs\zuntic_control_v1.1\vendor\yiisoft\yii2\db\BaseActiveRecord.php(810): yii\db\ActiveRecord::updateAll(Array, Array)
#4 C:\xampp\htdocs\zuntic_control_v1.1\vendor\yiisoft\yii2\db\ActiveRecord.php(676): yii\db\BaseActiveRecord->updateInternal(NULL)
#5 C:\xampp\htdocs\zuntic_control_v1.1\vendor\yiisoft\yii2\db\BaseActiveRecord.php(681): yii\db\ActiveRecord->update(true, NULL)
#6 C:\xampp\htdocs\zuntic_control_v1.1\backend\controllers\UserController.php(95): yii\db\BaseActiveRecord->save()
#7 [internal function]: backend\controllers\UserController->actionUpdate('9')
#8 C:\xampp\htdocs\zuntic_control_v1.1\vendor\yiisoft\yii2\base\InlineAction.php(57): call_user_func_array(Array, Array)
#9 C:\xampp\htdocs\zuntic_control_v1.1\vendor\yiisoft\yii2\base\Controller.php(181): yii\base\InlineAction->runWithParams(Array)
#10 C:\xampp\htdocs\zuntic_control_v1.1\vendor\yiisoft\yii2\base\Module.php(534): yii\base\Controller->runAction('update', Array)
#11 C:\xampp\htdocs\zuntic_control_v1.1\vendor\yiisoft\yii2\web\Application.php(104): yii\base\Module->runAction('user/update', Array)
#12 C:\xampp\htdocs\zuntic_control_v1.1\vendor\yiisoft\yii2\base\Application.php(392): yii\web\Application->handleRequest(Object(yii\web\Request))
#13 C:\xampp\htdocs\zuntic_control_v1.1\backend\web\index.php(18): yii\base\Application->run()
#14 {main}

Next yii\db\IntegrityException: SQLSTATE[23000]: Integrity constraint violation: 1062 Duplicate entry '' for key 'password_reset_token'
The SQL being executed was: UPDATE `user` SET `password_reset_token`='', `id_rol`=2, `status`=10, `created_at`=1638822369, `updated_at`=1638822369 WHERE `id`=9 in C:\xampp\htdocs\zuntic_control_v1.1\vendor\yiisoft\yii2\db\Schema.php:678
Stack trace:
#0 C:\xampp\htdocs\zuntic_control_v1.1\vendor\yiisoft\yii2\db\Command.php(1307): yii\db\Schema->convertException(Object(PDOException), 'UPDATE `user` S...')
#1 C:\xampp\htdocs\zuntic_control_v1.1\vendor\yiisoft\yii2\db\Command.php(1102): yii\db\Command->internalExecute('UPDATE `user` S...')
#2 C:\xampp\htdocs\zuntic_control_v1.1\vendor\yiisoft\yii2\db\ActiveRecord.php(332): yii\db\Command->execute()
#3 C:\xampp\htdocs\zuntic_control_v1.1\vendor\yiisoft\yii2\db\BaseActiveRecord.php(810): yii\db\ActiveRecord::updateAll(Array, Array)
#4 C:\xampp\htdocs\zuntic_control_v1.1\vendor\yiisoft\yii2\db\ActiveRecord.php(676): yii\db\BaseActiveRecord->updateInternal(NULL)
#5 C:\xampp\htdocs\zuntic_control_v1.1\vendor\yiisoft\yii2\db\BaseActiveRecord.php(681): yii\db\ActiveRecord->update(true, NULL)
#6 C:\xampp\htdocs\zuntic_control_v1.1\backend\controllers\UserController.php(95): yii\db\BaseActiveRecord->save()
#7 [internal function]: backend\controllers\UserController->actionUpdate('9')
#8 C:\xampp\htdocs\zuntic_control_v1.1\vendor\yiisoft\yii2\base\InlineAction.php(57): call_user_func_array(Array, Array)
#9 C:\xampp\htdocs\zuntic_control_v1.1\vendor\yiisoft\yii2\base\Controller.php(181): yii\base\InlineAction->runWithParams(Array)
#10 C:\xampp\htdocs\zuntic_control_v1.1\vendor\yiisoft\yii2\base\Module.php(534): yii\base\Controller->runAction('update', Array)
#11 C:\xampp\htdocs\zuntic_control_v1.1\vendor\yiisoft\yii2\web\Application.php(104): yii\base\Module->runAction('user/update', Array)
#12 C:\xampp\htdocs\zuntic_control_v1.1\vendor\yiisoft\yii2\base\Application.php(392): yii\web\Application->handleRequest(Object(yii\web\Request))
#13 C:\xampp\htdocs\zuntic_control_v1.1\backend\web\index.php(18): yii\base\Application->run()
#14 {main}
Additional Information:
Array
(
    [0] => 23000
    [1] => 1062
    [2] => Duplicate entry '' for key 'password_reset_token'
)

2021-12-08 22:48:47 [127.0.0.1][7][n9cl8g5jt3h8nakptgvu1ledj7][info][application] $_GET = [
    'r' => 'user/update'
    'id' => '9'
]

$_POST = [
    '_csrf-backend' => '3lTDBHi3uj8Zo7suruK-sAwvY7Av1t-CSw50BXZkP6acJKFFQPD8DFb82V3NlNqFZBkl2EiBtLIFOA5kFBVZ5A=='
    'User' => [
        'username' => 'jose.nn'
        'auth_key' => 'o52n7KgCpdVqLN9zCxkNFzjqrRZQ1uQ6'
        'password_hash' => '$2y$13$MeZnaz/EWAeGthA05JnUm.S88F28P3GOi0Szy4X7xykjBsgrTemP.'
        'password_reset_token' => ''
        'email' => 'fresterdui98@gmail.com'
        'id_rol' => '2'
        'status' => '10'
        'created_at' => '1638822369'
        'updated_at' => '1638822369'
        'verification_token' => 'xC3U22E_E6jPKS5TWUMP6RiSIMX1MQKV_1638822369'
    ]
]

$_FILES = []

$_COOKIE = [
    'advanced-backend' => 'n9cl8g5jt3h8nakptgvu1ledj7'
    '_csrf-backend' => '5ca5fe13f5e0f5226fd51aec125dc7147356bcf9fb1ac71ba34751bfa44c8d32a:2:{i:0;s:13:\"_csrf-backend\";i:1;s:32:\"BpbA8GF3O_bscvd5h6FhgWk0N6zabqfB\";}'
    '_identity-backend' => '7c8d709dff7cd07ea0d58c4e1dd9c91967156363e001d12bcf249b2a492d6ff8a:2:{i:0;s:17:\"_identity-backend\";i:1;s:46:\"[7,\"Cm86rHf9yEo5g0AfWs3wVvLpvq1m-Jd-\",2592000]\";}'
]

$_SESSION = [
    '__flash' => []
    '__returnUrl' => 'http://localhost/zuntic_control_v1.1/backend/web/'
    '__id' => 7
    '__authKey' => 'Cm86rHf9yEo5g0AfWs3wVvLpvq1m-Jd-'
]

$_SERVER = [
    'MIBDIRS' => 'C:/xampp/php/extras/mibs'
    'MYSQL_HOME' => '\\xampp\\mysql\\bin'
    'OPENSSL_CONF' => 'C:/xampp/apache/bin/openssl.cnf'
    'PHP_PEAR_SYSCONF_DIR' => '\\xampp\\php'
    'PHPRC' => '\\xampp\\php'
    'TMP' => '\\xampp\\tmp'
    'HTTP_HOST' => 'localhost'
    'HTTP_USER_AGENT' => 'Mozilla/5.0 (Windows NT 10.0; Win64; x64; rv:94.0) Gecko/20100101 Firefox/94.0'
    'HTTP_ACCEPT' => 'text/html,application/xhtml+xml,application/xml;q=0.9,image/avif,image/webp,*/*;q=0.8'
    'HTTP_ACCEPT_LANGUAGE' => 'es-MX,es;q=0.8,en-US;q=0.5,en;q=0.3'
    'HTTP_ACCEPT_ENCODING' => 'gzip, deflate'
    'CONTENT_TYPE' => 'application/x-www-form-urlencoded'
    'CONTENT_LENGTH' => '527'
    'HTTP_ORIGIN' => 'http://localhost'
    'HTTP_CONNECTION' => 'keep-alive'
    'HTTP_REFERER' => 'http://localhost/zuntic_control_v1.1/backend/web/index.php?r=user%2Fupdate&id=9'
    'HTTP_COOKIE' => 'advanced-backend=n9cl8g5jt3h8nakptgvu1ledj7; _csrf-backend=5ca5fe13f5e0f5226fd51aec125dc7147356bcf9fb1ac71ba34751bfa44c8d32a%3A2%3A%7Bi%3A0%3Bs%3A13%3A%22_csrf-backend%22%3Bi%3A1%3Bs%3A32%3A%22BpbA8GF3O_bscvd5h6FhgWk0N6zabqfB%22%3B%7D; _identity-backend=7c8d709dff7cd07ea0d58c4e1dd9c91967156363e001d12bcf249b2a492d6ff8a%3A2%3A%7Bi%3A0%3Bs%3A17%3A%22_identity-backend%22%3Bi%3A1%3Bs%3A46%3A%22%5B7%2C%22Cm86rHf9yEo5g0AfWs3wVvLpvq1m-Jd-%22%2C2592000%5D%22%3B%7D'
    'HTTP_UPGRADE_INSECURE_REQUESTS' => '1'
    'HTTP_SEC_FETCH_DEST' => 'document'
    'HTTP_SEC_FETCH_MODE' => 'navigate'
    'HTTP_SEC_FETCH_SITE' => 'same-origin'
    'HTTP_SEC_FETCH_USER' => '?1'
    'HTTP_SEC_GPC' => '1'
    'PATH' => 'C:\\Program Files\\AdoptOpenJDK\\jdk-11.0.11.9-hotspot\\bin;C:\\Program Files\\Rockwell Software\\RSCommon;C:\\Program Files (x86)\\Common Files\\NetSarang;C:\\ProgramData\\Oracle\\Java\\javapath;C:\\Program Files (x86)\\Intel\\Intel(R) Management Engine Components\\iCLS\\;C:\\Program Files\\Intel\\Intel(R) Management Engine Components\\iCLS\\;C:\\Windows\\System32;C:\\Windows;C:\\Windows\\System32\\wbem;C:\\Windows\\System32\\WindowsPowerShell\\v1.0\\;C:\\Program Files (x86)\\Intel\\Intel(R) Management Engine Components\\DAL;C:\\Program Files\\Intel\\Intel(R) Management Engine Components\\DAL;C:\\Program Files (x86)\\Intel\\Intel(R) Management Engine Components\\IPT;C:\\Program Files\\Intel\\Intel(R) Management Engine Components\\IPT;C:\\Windows\\System32\\OpenSSH\\;C:\\Program Files\\Java\\jdk1.8.0_111\\bin;C:\\Program Files\\TortoiseGit\\bin;C:\\Program Files\\Git\\cmd;C:\\Program Files (x86)\\GnuPG\\bin;C:\\Users\\cecilio\\anaconda3;C:\\Users\\cecilio\\AppData\\Local\\Microsoft\\WindowsApps;C:\\Program Files\\nodejs\\;C:\\wamp64\\bin\\mysql\\mysql5.7.31\\bin;C:\\xampp\\mysql\\bin;C:\\Program Files (x86)\\mingw-w64\\i686-8.1.0-posix-dwarf-rt_v6-rev0\\mingw32\\bin;C:\\Program Files\\dotnet\\;C:\\xampp\\php;C:\\Apache-svn\\bin;C:\\composer;C:\\Program Files (x86)\\Microsoft SQL Server\\150\\Tools\\Binn\\;C:\\Program Files\\Microsoft SQL Server\\150\\Tools\\Binn\\;C:\\Program Files (x86)\\Microsoft SQL Server\\150\\DTS\\Binn\\;C:\\Program Files\\Microsoft SQL Server\\150\\DTS\\Binn\\;C:\\Program Files\\Microsoft SQL Server\\Client SDK\\ODBC\\170\\Tools\\Binn\\;C:\\Program Files\\Azure Data Studio\\bin;C:\\Program Files\\TortoiseSVN\\bin;C:\\WINDOWS\\system32\\config\\systemprofile\\AppData\\Local\\Microsoft\\WindowsApps'
    'SystemRoot' => 'C:\\WINDOWS'
    'COMSPEC' => 'C:\\WINDOWS\\system32\\cmd.exe'
    'PATHEXT' => '.COM;.EXE;.BAT;.CMD;.VBS;.VBE;.JS;.JSE;.WSF;.WSH;.MSC'
    'WINDIR' => 'C:\\WINDOWS'
    'SERVER_SIGNATURE' => '<address>Apache/2.4.41 (Win64) OpenSSL/1.1.1c PHP/7.4.4 Server at localhost Port 80</address>
'
    'SERVER_SOFTWARE' => 'Apache/2.4.41 (Win64) OpenSSL/1.1.1c PHP/7.4.4'
    'SERVER_NAME' => 'localhost'
    'SERVER_ADDR' => '127.0.0.1'
    'SERVER_PORT' => '80'
    'REMOTE_ADDR' => '127.0.0.1'
    'DOCUMENT_ROOT' => 'C:/xampp/htdocs'
    'REQUEST_SCHEME' => 'http'
    'CONTEXT_PREFIX' => ''
    'CONTEXT_DOCUMENT_ROOT' => 'C:/xampp/htdocs'
    'SERVER_ADMIN' => 'postmaster@localhost'
    'SCRIPT_FILENAME' => 'C:/xampp/htdocs/zuntic_control_v1.1/backend/web/index.php'
    'REMOTE_PORT' => '64918'
    'GATEWAY_INTERFACE' => 'CGI/1.1'
    'SERVER_PROTOCOL' => 'HTTP/1.1'
    'REQUEST_METHOD' => 'POST'
    'QUERY_STRING' => 'r=user%2Fupdate&id=9'
    'REQUEST_URI' => '/zuntic_control_v1.1/backend/web/index.php?r=user%2Fupdate&id=9'
    'SCRIPT_NAME' => '/zuntic_control_v1.1/backend/web/index.php'
    'PHP_SELF' => '/zuntic_control_v1.1/backend/web/index.php'
    'REQUEST_TIME_FLOAT' => 1639000127.011
    'REQUEST_TIME' => 1639000127
]
2021-12-08 22:49:14 [127.0.0.1][7][n9cl8g5jt3h8nakptgvu1ledj7][error][yii\db\IntegrityException] PDOException: SQLSTATE[23000]: Integrity constraint violation: 1062 Duplicate entry '' for key 'password_reset_token' in C:\xampp\htdocs\zuntic_control_v1.1\vendor\yiisoft\yii2\db\Command.php:1302
Stack trace:
#0 C:\xampp\htdocs\zuntic_control_v1.1\vendor\yiisoft\yii2\db\Command.php(1302): PDOStatement->execute()
#1 C:\xampp\htdocs\zuntic_control_v1.1\vendor\yiisoft\yii2\db\Command.php(1102): yii\db\Command->internalExecute('UPDATE `user` S...')
#2 C:\xampp\htdocs\zuntic_control_v1.1\vendor\yiisoft\yii2\db\ActiveRecord.php(332): yii\db\Command->execute()
#3 C:\xampp\htdocs\zuntic_control_v1.1\vendor\yiisoft\yii2\db\BaseActiveRecord.php(810): yii\db\ActiveRecord::updateAll(Array, Array)
#4 C:\xampp\htdocs\zuntic_control_v1.1\vendor\yiisoft\yii2\db\ActiveRecord.php(676): yii\db\BaseActiveRecord->updateInternal(NULL)
#5 C:\xampp\htdocs\zuntic_control_v1.1\vendor\yiisoft\yii2\db\BaseActiveRecord.php(681): yii\db\ActiveRecord->update(true, NULL)
#6 C:\xampp\htdocs\zuntic_control_v1.1\backend\controllers\UserController.php(95): yii\db\BaseActiveRecord->save()
#7 [internal function]: backend\controllers\UserController->actionUpdate('9')
#8 C:\xampp\htdocs\zuntic_control_v1.1\vendor\yiisoft\yii2\base\InlineAction.php(57): call_user_func_array(Array, Array)
#9 C:\xampp\htdocs\zuntic_control_v1.1\vendor\yiisoft\yii2\base\Controller.php(181): yii\base\InlineAction->runWithParams(Array)
#10 C:\xampp\htdocs\zuntic_control_v1.1\vendor\yiisoft\yii2\base\Module.php(534): yii\base\Controller->runAction('update', Array)
#11 C:\xampp\htdocs\zuntic_control_v1.1\vendor\yiisoft\yii2\web\Application.php(104): yii\base\Module->runAction('user/update', Array)
#12 C:\xampp\htdocs\zuntic_control_v1.1\vendor\yiisoft\yii2\base\Application.php(392): yii\web\Application->handleRequest(Object(yii\web\Request))
#13 C:\xampp\htdocs\zuntic_control_v1.1\backend\web\index.php(18): yii\base\Application->run()
#14 {main}

Next yii\db\IntegrityException: SQLSTATE[23000]: Integrity constraint violation: 1062 Duplicate entry '' for key 'password_reset_token'
The SQL being executed was: UPDATE `user` SET `password_reset_token`='', `id_rol`=1, `status`=9, `created_at`=1638822369, `updated_at`=1638822369 WHERE `id`=9 in C:\xampp\htdocs\zuntic_control_v1.1\vendor\yiisoft\yii2\db\Schema.php:678
Stack trace:
#0 C:\xampp\htdocs\zuntic_control_v1.1\vendor\yiisoft\yii2\db\Command.php(1307): yii\db\Schema->convertException(Object(PDOException), 'UPDATE `user` S...')
#1 C:\xampp\htdocs\zuntic_control_v1.1\vendor\yiisoft\yii2\db\Command.php(1102): yii\db\Command->internalExecute('UPDATE `user` S...')
#2 C:\xampp\htdocs\zuntic_control_v1.1\vendor\yiisoft\yii2\db\ActiveRecord.php(332): yii\db\Command->execute()
#3 C:\xampp\htdocs\zuntic_control_v1.1\vendor\yiisoft\yii2\db\BaseActiveRecord.php(810): yii\db\ActiveRecord::updateAll(Array, Array)
#4 C:\xampp\htdocs\zuntic_control_v1.1\vendor\yiisoft\yii2\db\ActiveRecord.php(676): yii\db\BaseActiveRecord->updateInternal(NULL)
#5 C:\xampp\htdocs\zuntic_control_v1.1\vendor\yiisoft\yii2\db\BaseActiveRecord.php(681): yii\db\ActiveRecord->update(true, NULL)
#6 C:\xampp\htdocs\zuntic_control_v1.1\backend\controllers\UserController.php(95): yii\db\BaseActiveRecord->save()
#7 [internal function]: backend\controllers\UserController->actionUpdate('9')
#8 C:\xampp\htdocs\zuntic_control_v1.1\vendor\yiisoft\yii2\base\InlineAction.php(57): call_user_func_array(Array, Array)
#9 C:\xampp\htdocs\zuntic_control_v1.1\vendor\yiisoft\yii2\base\Controller.php(181): yii\base\InlineAction->runWithParams(Array)
#10 C:\xampp\htdocs\zuntic_control_v1.1\vendor\yiisoft\yii2\base\Module.php(534): yii\base\Controller->runAction('update', Array)
#11 C:\xampp\htdocs\zuntic_control_v1.1\vendor\yiisoft\yii2\web\Application.php(104): yii\base\Module->runAction('user/update', Array)
#12 C:\xampp\htdocs\zuntic_control_v1.1\vendor\yiisoft\yii2\base\Application.php(392): yii\web\Application->handleRequest(Object(yii\web\Request))
#13 C:\xampp\htdocs\zuntic_control_v1.1\backend\web\index.php(18): yii\base\Application->run()
#14 {main}
Additional Information:
Array
(
    [0] => 23000
    [1] => 1062
    [2] => Duplicate entry '' for key 'password_reset_token'
)

2021-12-08 22:49:14 [127.0.0.1][7][n9cl8g5jt3h8nakptgvu1ledj7][info][application] $_GET = [
    'r' => 'user/update'
    'id' => '9'
]

$_POST = [
    '_csrf-backend' => 'DdLLUBg6T2ULIQsGPzxv-s5HsxoXKQffMevpAMwyUJFPoqkRIH0JVkR-aXVcSgvPpnH1cnB-bO9_3ZNhrkM20w=='
    'User' => [
        'username' => 'jose.nn'
        'auth_key' => 'o52n7KgCpdVqLN9zCxkNFzjqrRZQ1uQ6'
        'password_hash' => '$2y$13$MeZnaz/EWAeGthA05JnUm.S88F28P3GOi0Szy4X7xykjBsgrTemP.'
        'password_reset_token' => ''
        'email' => 'fresterdui98@gmail.com'
        'id_rol' => '1'
        'status' => '9'
        'created_at' => '1638822369'
        'updated_at' => '1638822369'
        'verification_token' => 'xC3U22E_E6jPKS5TWUMP6RiSIMX1MQKV_1638822369'
    ]
]

$_FILES = []

$_COOKIE = [
    'advanced-backend' => 'n9cl8g5jt3h8nakptgvu1ledj7'
    '_csrf-backend' => '5ca5fe13f5e0f5226fd51aec125dc7147356bcf9fb1ac71ba34751bfa44c8d32a:2:{i:0;s:13:\"_csrf-backend\";i:1;s:32:\"BpbA8GF3O_bscvd5h6FhgWk0N6zabqfB\";}'
    '_identity-backend' => '7c8d709dff7cd07ea0d58c4e1dd9c91967156363e001d12bcf249b2a492d6ff8a:2:{i:0;s:17:\"_identity-backend\";i:1;s:46:\"[7,\"Cm86rHf9yEo5g0AfWs3wVvLpvq1m-Jd-\",2592000]\";}'
]

$_SESSION = [
    '__flash' => []
    '__returnUrl' => 'http://localhost/zuntic_control_v1.1/backend/web/'
    '__id' => 7
    '__authKey' => 'Cm86rHf9yEo5g0AfWs3wVvLpvq1m-Jd-'
]

$_SERVER = [
    'MIBDIRS' => 'C:/xampp/php/extras/mibs'
    'MYSQL_HOME' => '\\xampp\\mysql\\bin'
    'OPENSSL_CONF' => 'C:/xampp/apache/bin/openssl.cnf'
    'PHP_PEAR_SYSCONF_DIR' => '\\xampp\\php'
    'PHPRC' => '\\xampp\\php'
    'TMP' => '\\xampp\\tmp'
    'HTTP_HOST' => 'localhost'
    'HTTP_USER_AGENT' => 'Mozilla/5.0 (Windows NT 10.0; Win64; x64; rv:94.0) Gecko/20100101 Firefox/94.0'
    'HTTP_ACCEPT' => 'text/html,application/xhtml+xml,application/xml;q=0.9,image/avif,image/webp,*/*;q=0.8'
    'HTTP_ACCEPT_LANGUAGE' => 'es-MX,es;q=0.8,en-US;q=0.5,en;q=0.3'
    'HTTP_ACCEPT_ENCODING' => 'gzip, deflate'
    'CONTENT_TYPE' => 'application/x-www-form-urlencoded'
    'CONTENT_LENGTH' => '526'
    'HTTP_ORIGIN' => 'http://localhost'
    'HTTP_CONNECTION' => 'keep-alive'
    'HTTP_REFERER' => 'http://localhost/zuntic_control_v1.1/backend/web/index.php?r=user%2Fupdate&id=9'
    'HTTP_COOKIE' => 'advanced-backend=n9cl8g5jt3h8nakptgvu1ledj7; _csrf-backend=5ca5fe13f5e0f5226fd51aec125dc7147356bcf9fb1ac71ba34751bfa44c8d32a%3A2%3A%7Bi%3A0%3Bs%3A13%3A%22_csrf-backend%22%3Bi%3A1%3Bs%3A32%3A%22BpbA8GF3O_bscvd5h6FhgWk0N6zabqfB%22%3B%7D; _identity-backend=7c8d709dff7cd07ea0d58c4e1dd9c91967156363e001d12bcf249b2a492d6ff8a%3A2%3A%7Bi%3A0%3Bs%3A17%3A%22_identity-backend%22%3Bi%3A1%3Bs%3A46%3A%22%5B7%2C%22Cm86rHf9yEo5g0AfWs3wVvLpvq1m-Jd-%22%2C2592000%5D%22%3B%7D'
    'HTTP_UPGRADE_INSECURE_REQUESTS' => '1'
    'HTTP_SEC_FETCH_DEST' => 'document'
    'HTTP_SEC_FETCH_MODE' => 'navigate'
    'HTTP_SEC_FETCH_SITE' => 'same-origin'
    'HTTP_SEC_FETCH_USER' => '?1'
    'HTTP_SEC_GPC' => '1'
    'PATH' => 'C:\\Program Files\\AdoptOpenJDK\\jdk-11.0.11.9-hotspot\\bin;C:\\Program Files\\Rockwell Software\\RSCommon;C:\\Program Files (x86)\\Common Files\\NetSarang;C:\\ProgramData\\Oracle\\Java\\javapath;C:\\Program Files (x86)\\Intel\\Intel(R) Management Engine Components\\iCLS\\;C:\\Program Files\\Intel\\Intel(R) Management Engine Components\\iCLS\\;C:\\Windows\\System32;C:\\Windows;C:\\Windows\\System32\\wbem;C:\\Windows\\System32\\WindowsPowerShell\\v1.0\\;C:\\Program Files (x86)\\Intel\\Intel(R) Management Engine Components\\DAL;C:\\Program Files\\Intel\\Intel(R) Management Engine Components\\DAL;C:\\Program Files (x86)\\Intel\\Intel(R) Management Engine Components\\IPT;C:\\Program Files\\Intel\\Intel(R) Management Engine Components\\IPT;C:\\Windows\\System32\\OpenSSH\\;C:\\Program Files\\Java\\jdk1.8.0_111\\bin;C:\\Program Files\\TortoiseGit\\bin;C:\\Program Files\\Git\\cmd;C:\\Program Files (x86)\\GnuPG\\bin;C:\\Users\\cecilio\\anaconda3;C:\\Users\\cecilio\\AppData\\Local\\Microsoft\\WindowsApps;C:\\Program Files\\nodejs\\;C:\\wamp64\\bin\\mysql\\mysql5.7.31\\bin;C:\\xampp\\mysql\\bin;C:\\Program Files (x86)\\mingw-w64\\i686-8.1.0-posix-dwarf-rt_v6-rev0\\mingw32\\bin;C:\\Program Files\\dotnet\\;C:\\xampp\\php;C:\\Apache-svn\\bin;C:\\composer;C:\\Program Files (x86)\\Microsoft SQL Server\\150\\Tools\\Binn\\;C:\\Program Files\\Microsoft SQL Server\\150\\Tools\\Binn\\;C:\\Program Files (x86)\\Microsoft SQL Server\\150\\DTS\\Binn\\;C:\\Program Files\\Microsoft SQL Server\\150\\DTS\\Binn\\;C:\\Program Files\\Microsoft SQL Server\\Client SDK\\ODBC\\170\\Tools\\Binn\\;C:\\Program Files\\Azure Data Studio\\bin;C:\\Program Files\\TortoiseSVN\\bin;C:\\WINDOWS\\system32\\config\\systemprofile\\AppData\\Local\\Microsoft\\WindowsApps'
    'SystemRoot' => 'C:\\WINDOWS'
    'COMSPEC' => 'C:\\WINDOWS\\system32\\cmd.exe'
    'PATHEXT' => '.COM;.EXE;.BAT;.CMD;.VBS;.VBE;.JS;.JSE;.WSF;.WSH;.MSC'
    'WINDIR' => 'C:\\WINDOWS'
    'SERVER_SIGNATURE' => '<address>Apache/2.4.41 (Win64) OpenSSL/1.1.1c PHP/7.4.4 Server at localhost Port 80</address>
'
    'SERVER_SOFTWARE' => 'Apache/2.4.41 (Win64) OpenSSL/1.1.1c PHP/7.4.4'
    'SERVER_NAME' => 'localhost'
    'SERVER_ADDR' => '127.0.0.1'
    'SERVER_PORT' => '80'
    'REMOTE_ADDR' => '127.0.0.1'
    'DOCUMENT_ROOT' => 'C:/xampp/htdocs'
    'REQUEST_SCHEME' => 'http'
    'CONTEXT_PREFIX' => ''
    'CONTEXT_DOCUMENT_ROOT' => 'C:/xampp/htdocs'
    'SERVER_ADMIN' => 'postmaster@localhost'
    'SCRIPT_FILENAME' => 'C:/xampp/htdocs/zuntic_control_v1.1/backend/web/index.php'
    'REMOTE_PORT' => '54855'
    'GATEWAY_INTERFACE' => 'CGI/1.1'
    'SERVER_PROTOCOL' => 'HTTP/1.1'
    'REQUEST_METHOD' => 'POST'
    'QUERY_STRING' => 'r=user%2Fupdate&id=9'
    'REQUEST_URI' => '/zuntic_control_v1.1/backend/web/index.php?r=user%2Fupdate&id=9'
    'SCRIPT_NAME' => '/zuntic_control_v1.1/backend/web/index.php'
    'PHP_SELF' => '/zuntic_control_v1.1/backend/web/index.php'
    'REQUEST_TIME_FLOAT' => 1639000154.025
    'REQUEST_TIME' => 1639000154
]
